<?xml version="1.0" encoding="UTF-8"?>
<!-- Generated by org.testng.reporters.JUnitReportReporter -->
<testsuite hostname="LAPTOP-E7HIOJTL" name="ZAP.ZapJavaClientExample" tests="1" failures="0" timestamp="10 Jan 2017 23:23:45 GMT" time="39.452" errors="0">
  <testcase name="RunZap" time="39.452" classname="ZAP.ZapJavaClientExample"/>
</testsuite> <!-- ZAP.ZapJavaClientExample -->
